<?xml version="1.0" encoding="UTF-8"?>
<!-- Generated by org.testng.reporters.JUnitReportReporter -->
<testsuite hostname="DESKTOP-BJVB67O" failures="0" tests="2" name="com.test.simpletest" time="0.013" errors="0" timestamp="2022-08-20T11:09:23 CDT" skipped="0">
  <testcase classname="com.test.simpletest" name="test1" time="0.010"/>
  <system-out/>
  <testcase classname="com.test.simpletest" name="test3" time="0.003"/>
  <system-out/>
</testsuite> <!-- com.test.simpletest -->
