<?xml version="1.0" encoding="UTF-8"?>
<!-- Generated by org.testng.reporters.JUnitReportReporter -->
<testsuite hostname="DESKTOP-BJVB67O" failures="0" tests="2" name="com.com.test.ngTest" time="0.011" errors="0" timestamp="2022-08-20T11:17:51 CDT" skipped="0">
  <testcase classname="com.com.test.ngTest" name="f" time="0.003"/>
  <system-out/>
  <testcase classname="com.com.test.ngTest" name="a1" time="0.008"/>
  <system-out/>
</testsuite> <!-- com.com.test.ngTest -->
